


materialPath: D:\SteamLibrary\steamapps\common\team fortress 2\tf\materials
Loading c:\users\storm\onedrive\documents\the cum world\cp_gorge_cum.vmf
ConVarRef mat_reduceparticles doesn't point to an existing ConVar
fixing up env_cubemap materials on brush sides...
0...1...2...3...4...5...6...7...8...9...10
FindPortalSide: Couldn't find a good match for which brush to assign to a portal near (-6746.5 426.5 288.0)
Leaf 0 contents: 
Leaf 1 contents: CONTENTS_SOLID 
viscontents (node 0 contents ^ node 1 contents): CONTENTS_SOLID 
This means that none of the brushes in leaf 0 or 1 that touches the portal has CONTENTS_SOLID 
Check for a huge brush enclosing the coordinates above that has contents CONTENTS_SOLID 
Candidate brush IDs: Brush 9715: 

0...1...2...3...4...5...6...7...8...9...10
FindPortalSide: Couldn't find a good match for which brush to assign to a portal near (-6746.5 426.5 288.0)
Leaf 0 contents: 
Leaf 1 contents: CONTENTS_SOLID 
viscontents (node 0 contents ^ node 1 contents): CONTENTS_SOLID 
This means that none of the brushes in leaf 0 or 1 that touches the portal has CONTENTS_SOLID 
Check for a huge brush enclosing the coordinates above that has contents CONTENTS_SOLID 
Candidate brush IDs: Brush 9715: 

Processing areas...done (0)
Building Faces...done (0)
Occluder "" straddles multiple areas. This is invalid!
Occluder "" straddles multiple areas. This is invalid!
Occluder "" straddles multiple areas. This is invalid!
Occluder "" straddles multiple areas. This is invalid!
Occluder "" straddles multiple areas. This is invalid!
Occluder "" straddles multiple areas. This is invalid!
Occluder "" straddles multiple areas. This is invalid!
Occluder "" straddles multiple areas. This is invalid!
Occluder "" straddles multiple areas. This is invalid!
Occluder "" straddles multiple areas. This is invalid!
Occluder "" straddles multiple areas. This is invalid!
Occluder "" straddles multiple areas. This is invalid!
Occluder "" straddles multiple areas. This is invalid!
Occluder "" straddles multiple areas. This is invalid!
Occluder "" straddles multiple areas. This is invalid!
Occluder "" straddles multiple areas. This is invalid!
Occluder "" straddles multiple areas. This is invalid!
Occluder "" straddles multiple areas. This is invalid!
Occluder "" straddles multiple areas. This is invalid!
Occluder "" straddles multiple areas. This is invalid!
Occluder "" straddles multiple areas. This is invalid!
Occluder "" straddles multiple areas. This is invalid!
Occluder "" straddles multiple areas. This is invalid!
Occluder "" straddles multiple areas. This is invalid!
Occluder "" straddles multiple areas. This is invalid!
Occluder "" straddles multiple areas. This is invalid!
Occluder "" straddles multiple areas. This is invalid!
Occluder "" straddles multiple areas. This is invalid!
Occluder "" straddles multiple areas. This is invalid!
Occluder "" straddles multiple areas. This is invalid!
Occluder "" straddles multiple areas. This is invalid!
Occluder "" straddles multiple areas. This is invalid!
Occluder "" straddles multiple areas. This is invalid!
Occluder "" straddles multiple areas. This is invalid!
Occluder "" straddles multiple areas. This is invalid!
Occluder "" straddles multiple areas. This is invalid!
Occluder "" straddles multiple areas. This is invalid!
Occluder "" straddles multiple areas. This is invalid!
Occluder "" straddles multiple areas. This is invalid!
Occluder "" straddles multiple areas. This is invalid!
Occluder "" straddles multiple areas. This is invalid!
Occluder "" straddles multiple areas. This is invalid!
Occluder "" straddles multiple areas. This is invalid!
Occluder "" straddles multiple areas. This is invalid!
Occluder "" straddles multiple areas. This is invalid!
Occluder "" straddles multiple areas. This is invalid!
Occluder "" straddles multiple areas. This is invalid!
Occluder "" straddles multiple areas. This is invalid!
Occluder "" straddles multiple areas. This is invalid!
Occluder "" straddles multiple areas. This is invalid!
Occluder "" straddles multiple areas. This is invalid!
Occluder "" straddles multiple areas. This is invalid!
Occluder "" straddles multiple areas. This is invalid!
Chop Details...done (0)
Find Visible Detail Sides...
Merged 346 detail faces...done (0)
Merging details...done (0)
FixTjuncs...
PruneNodes...
WriteBSP...
done (1)
writing c:\users\storm\onedrive\documents\the cum world\cp_gorge_cum.prt...Building visibility clusters...
done (0)
*** Error: Skybox vtf files for skybox/sky_trainyard_01 weren't compiled with the same size texture and/or same flags!
Can't load skybox file skybox/sky_trainyard_01 to build the default cubemap!
*** Error: Skybox vtf files for skybox/sky_trainyard_01 weren't compiled with the same size texture and/or same flags!
Can't load skybox file skybox/sky_trainyard_01 to build the default cubemap!
Finding displacement neighbors...
Finding lightmap sample positions...
Displacement Alpha : 0...1...2...3...4...5...6...7...8...9...10
Building Physics collision data...
WARNING: Map using power 4 displacements, terrain physics cannot be compressed, map will need additional memory and CPU.
done (1) (2305913 bytes)
Placing detail props : 0...1...2...3...4...5...6...7...8...9...10
Compacting texture/material tables...
Reduced 2927 texinfos to 2136
Reduced 33 texdatas to 29 (676 bytes to 596)
Writing c:\users\storm\onedrive\documents\the cum world\cp_gorge_cum.bsp
MSG_FILEWRITE - Filesystem was asked to write to 'c:\users\storm\onedrive\documents\the cum world\cp_gorge_cum.bsp', but we don't own that location. Allowing.
ZIP Output overshot buffer estimate: Estimated 0, actual 54
17 seconds elapsed



12 threads
reading c:\users\storm\onedrive\documents\the cum world\cp_gorge_cum.bsp
reading c:\users\storm\onedrive\documents\the cum world\cp_gorge_cum.prt
1647 portalclusters
4359 numportals
0...1...2...3...4...5...6...7...8...9...100...1...2...3...4...5...6...7...8...9...10Optimized: 3143 visible clusters (0.58%)
Total clusters visible: 539512
Average clusters visible: 327
Building PAS...
Average clusters audible: 736
visdatasize:407482  compressed from 685152
writing c:\users\storm\onedrive\documents\the cum world\cp_gorge_cum.bsp
MSG_FILEWRITE - Filesystem was asked to write to 'c:\users\storm\onedrive\documents\the cum world\cp_gorge_cum.bsp', but we don't own that location. Allowing.
ZIP Output overshot buffer estimate: Estimated 0, actual 54
2 minutes, 36 seconds elapsed



[Reading texlights from 'lights.rad']
[56 texlights parsed from 'lights.rad']

Loading c:\users\storm\onedrive\documents\the cum world\cp_gorge_cum.bsp
8268 faces
4 degenerate faces
1916226 square feet [275936640.00 square inches]
131 Displacements
392651 Square Feet [56541780.00 Square Inches]
8264 patches before subdivision
146170 patches after subdivision
486 direct lights
0...1...2...3...4...5...6...7...8...9...100...1...2...3...4...5...6...7...8...9...10transfers 11742682, max 701
transfer lists:  89.6 megs
0...1...2...3...4...5...6...7...8...9...10	Bounce #1 added RGB(2726, 2527, 2354)
0...1...2...3...4...5...6...7...8...9...10	Bounce #2 added RGB(5, 4, 4)
0...1...2...3...4...5...6...7...8...9...10	Bounce #3 added RGB(0, 0, 0)
Build Patch/Sample Hash Table(s).....Done<0.0928 sec>
0...1...2...3...4...5...6...7...8...9...10FinalLightFace Done
152 of 306 (49% of) surface lights went in leaf ambient cubes.
0...1...2...3...4...5...6...7...8...9...10Writing leaf ambient...done
Ready to Finish

Object names       Objects/Maxobjs  Memory / Maxmem  Fullness 
------------       ---------------  ---------------  -------- 
models                  60/1024         2880/49152    ( 5.9%) 
brushes               2536/8192        30432/98304    (31.0%) 
brushsides           17638/65536      141104/524288   (26.9%) 
planes                7274/65536      145480/1310720  (11.1%) 
vertexes             14128/65536      169536/786432   (21.6%) 
nodes                 3824/65536      122368/2097152  ( 5.8%) 
texinfos              2136/12288      153792/884736   (17.4%) 
texdata                 29/2048          928/65536    ( 1.4%) 
dispinfos              131/0           23056/0        ( 0.0%) 
disp_verts            8051/0          161020/0        ( 0.0%) 
disp_tris            12736/0           25472/0        ( 0.0%) 
disp_lmsamples      646379/0          646379/0        ( 0.0%) 
faces                 8268/65536      463008/3670016  (12.6%) 
hdr faces                0/65536           0/3670016  ( 0.0%) 
origfaces             5932/65536      332192/3670016  ( 9.1%) 
leaves                3885/65536      124320/2097152  ( 5.9%) 
leaffaces            10552/65536       21104/131072   (16.1%) 
leafbrushes           6710/65536       13420/131072   (10.2%) 
areas                   15/256           120/2048     ( 5.9%) 
surfedges            64446/512000     257784/2048000  (12.6%) 
edges                40818/256000     163272/1024000  (15.9%) 
LDR worldlights        486/8192        42768/720896   ( 5.9%) 
HDR worldlights          0/8192            0/720896   ( 0.0%) 
leafwaterdata            0/32768           0/393216   ( 0.0%) 
waterstrips            927/32768        9270/327680   ( 2.8%) 
waterverts               0/65536           0/786432   ( 0.0%) 
waterindices         17763/65536       35526/131072   (27.1%) 
cubemapsamples           0/1024            0/16384    ( 0.0%) 
overlays                 0/512             0/180224   ( 0.0%) 
LDR lightdata         [variable]    13001164/0        ( 0.0%) 
HDR lightdata         [variable]           0/0        ( 0.0%) 
visdata               [variable]      407482/16777216 ( 2.4%) 
entdata               [variable]      166295/393216   (42.3%) 
LDR ambient table     3885/65536       15540/262144   ( 5.9%) 
HDR ambient table     3885/65536       15540/262144   ( 5.9%) 
LDR leaf ambient     14965/65536      419020/1835008  (22.8%) 
HDR leaf ambient      3885/65536      108780/1835008  ( 5.9%) 
occluders                4/0             160/0        ( 0.0%) 
occluder polygons        6/0              72/0        ( 0.0%) 
occluder vert ind       25/0             100/0        ( 0.0%) 
detail props          [variable]           1/12       ( 8.3%) 
static props          [variable]           1/166254   ( 0.0%) 
pakfile               [variable]          54/0        ( 0.0%) 
physics               [variable]     2305913/4194304  (55.0%) 
physics terrain       [variable]           0/1048576  ( 0.0%) 

Level flags = 0

Total triangle count: 24075
Writing c:\users\storm\onedrive\documents\the cum world\cp_gorge_cum.bsp
ZIP Output overshot buffer estimate: Estimated 0, actual 54
1 minute, 9 seconds elapsed
